0 info it worked if it ends with ok
1 verbose cli [ '/home/ubuntu/.nvm/versions/node/v4.7.3/bin/node',
1 verbose cli   '/home/ubuntu/.nvm/versions/node/v4.7.3/bin/npm',
1 verbose cli   'install',
1 verbose cli   'server.watch' ]
2 info using npm@2.15.11
3 info using node@v4.7.3
4 verbose install initial load of /home/ubuntu/workspace/challenge/package.json
5 warn package.json challenge@1.0.0 No description
6 warn package.json challenge@1.0.0 No repository field.
7 warn package.json challenge@1.0.0 No README data
8 verbose installManyTop reading scoped package data from /home/ubuntu/workspace/challenge/node_modules/alarm-notify/package.json
9 verbose installManyTop reading scoped package data from /home/ubuntu/workspace/challenge/node_modules/body-parser/package.json
10 verbose installManyTop reading scoped package data from /home/ubuntu/workspace/challenge/node_modules/cat-me/package.json
11 verbose installManyTop reading scoped package data from /home/ubuntu/workspace/challenge/node_modules/cli-color/package.json
12 verbose installManyTop reading scoped package data from /home/ubuntu/workspace/challenge/node_modules/cli-table/package.json
13 verbose installManyTop reading scoped package data from /home/ubuntu/workspace/challenge/node_modules/clui/package.json
14 verbose installManyTop reading scoped package data from /home/ubuntu/workspace/challenge/node_modules/colors/package.json
15 verbose installManyTop reading scoped package data from /home/ubuntu/workspace/challenge/node_modules/connect-timeout/package.json
16 verbose installManyTop reading scoped package data from /home/ubuntu/workspace/challenge/node_modules/console-png/package.json
17 verbose installManyTop reading scoped package data from /home/ubuntu/workspace/challenge/node_modules/ejs/package.json
18 verbose installManyTop reading scoped package data from /home/ubuntu/workspace/challenge/node_modules/ejs-lint/package.json
19 verbose installManyTop reading scoped package data from /home/ubuntu/workspace/challenge/node_modules/embed-video/package.json
20 verbose installManyTop reading scoped package data from /home/ubuntu/workspace/challenge/node_modules/express/package.json
21 verbose installManyTop reading scoped package data from /home/ubuntu/workspace/challenge/node_modules/fs/package.json
22 verbose installManyTop reading scoped package data from /home/ubuntu/workspace/challenge/node_modules/http/package.json
23 verbose installManyTop reading scoped package data from /home/ubuntu/workspace/challenge/node_modules/http-server/package.json
24 verbose installManyTop reading scoped package data from /home/ubuntu/workspace/challenge/node_modules/image-size/package.json
25 verbose installManyTop reading scoped package data from /home/ubuntu/workspace/challenge/node_modules/livereload/package.json
26 verbose installManyTop reading scoped package data from /home/ubuntu/workspace/challenge/node_modules/moment/package.json
27 verbose installManyTop reading scoped package data from /home/ubuntu/workspace/challenge/node_modules/moment-timezone/package.json
28 verbose installManyTop reading scoped package data from /home/ubuntu/workspace/challenge/node_modules/mongoose/package.json
29 verbose installManyTop reading scoped package data from /home/ubuntu/workspace/challenge/node_modules/morgan/package.json
30 verbose installManyTop reading scoped package data from /home/ubuntu/workspace/challenge/node_modules/path/package.json
31 verbose installManyTop reading scoped package data from /home/ubuntu/workspace/challenge/node_modules/posix-clock/package.json
32 verbose installManyTop reading scoped package data from /home/ubuntu/workspace/challenge/node_modules/querystring/package.json
33 verbose installManyTop reading scoped package data from /home/ubuntu/workspace/challenge/node_modules/readline/package.json
34 verbose installManyTop reading scoped package data from /home/ubuntu/workspace/challenge/node_modules/readline-sync/package.json
35 verbose installManyTop reading scoped package data from /home/ubuntu/workspace/challenge/node_modules/reload/package.json
36 verbose installManyTop reading scoped package data from /home/ubuntu/workspace/challenge/node_modules/req-timeout/package.json
37 verbose installManyTop reading scoped package data from /home/ubuntu/workspace/challenge/node_modules/request/package.json
38 verbose installManyTop reading scoped package data from /home/ubuntu/workspace/challenge/node_modules/socket.io/package.json
39 verbose installManyTop reading scoped package data from /home/ubuntu/workspace/challenge/node_modules/term-img/package.json
40 verbose installManyTop reading scoped package data from /home/ubuntu/workspace/challenge/node_modules/youtube-node/package.json
41 verbose installManyTop reading scoped package data from /home/ubuntu/workspace/challenge/node_modules/yql/package.json
42 info package.json alarm-notify@0.1.0 No repository field.
43 info package.json cli-table@0.3.1 No license field.
44 info package.json clui@0.3.1 No license field.
45 info package.json http@0.0.0 http is also the name of a node core module.
46 info package.json http@0.0.0 No description
47 info package.json http@0.0.0 No repository field.
48 info package.json querystring@0.2.0 querystring is also the name of a node core module.
49 info package.json querystring@0.2.0 No license field.
50 info package.json youtube-node@1.3.0 No license field.
51 info package.json fs@0.0.1-security fs is also the name of a node core module.
52 info package.json livereload@0.6.2 No license field.
53 info package.json posix-clock@1.0.0 license should be a valid SPDX license expression
54 info package.json path@0.12.7 path is also the name of a node core module.
55 info package.json yql@1.0.2 license should be a valid SPDX license expression
56 info package.json readline@1.3.0 readline is also the name of a node core module.
57 info package.json readline@1.3.0 license should be a valid SPDX license expression
58 verbose readDependencies loading dependencies from /home/ubuntu/workspace/challenge/package.json
59 silly cache add args [ 'server.watch', null ]
60 verbose cache add spec server.watch
61 silly cache add parsed spec Result {
61 silly cache add   raw: 'server.watch',
61 silly cache add   scope: null,
61 silly cache add   name: 'server.watch',
61 silly cache add   rawSpec: '',
61 silly cache add   spec: 'latest',
61 silly cache add   type: 'tag' }
62 silly addNamed server.watch@latest
63 verbose addNamed "latest" is being treated as a dist-tag for server.watch
64 info addNameTag [ 'server.watch', 'latest' ]
65 silly mapToRegistry name server.watch
66 silly mapToRegistry using default registry
67 silly mapToRegistry registry https://registry.npmjs.org/
68 silly mapToRegistry data Result {
68 silly mapToRegistry   raw: 'server.watch',
68 silly mapToRegistry   scope: null,
68 silly mapToRegistry   name: 'server.watch',
68 silly mapToRegistry   rawSpec: '',
68 silly mapToRegistry   spec: 'latest',
68 silly mapToRegistry   type: 'tag' }
69 silly mapToRegistry uri https://registry.npmjs.org/server.watch
70 verbose addNameTag registry:https://registry.npmjs.org/server.watch not in flight; fetching
71 verbose request uri https://registry.npmjs.org/server.watch
72 verbose request no auth needed
73 info attempt registry request try #1 at 7:01:30 PM
74 verbose request id b82b6ce0202ac77e
75 http request GET https://registry.npmjs.org/server.watch
76 http 404 https://registry.npmjs.org/server.watch
77 verbose headers { 'content-type': 'application/json',
77 verbose headers   'cache-control': 'max-age=0',
77 verbose headers   'content-length': '2',
77 verbose headers   'accept-ranges': 'bytes',
77 verbose headers   date: 'Tue, 11 Apr 2017 19:01:31 GMT',
77 verbose headers   via: '1.1 varnish',
77 verbose headers   age: '0',
77 verbose headers   connection: 'keep-alive',
77 verbose headers   'x-served-by': 'cache-lhr6325-LHR',
77 verbose headers   'x-cache': 'MISS',
77 verbose headers   'x-cache-hits': '0',
77 verbose headers   'x-timer': 'S1491937291.799946,VS0,VE623',
77 verbose headers   vary: 'Accept-Encoding' }
78 silly get cb [ 404,
78 silly get   { 'content-type': 'application/json',
78 silly get     'cache-control': 'max-age=0',
78 silly get     'content-length': '2',
78 silly get     'accept-ranges': 'bytes',
78 silly get     date: 'Tue, 11 Apr 2017 19:01:31 GMT',
78 silly get     via: '1.1 varnish',
78 silly get     age: '0',
78 silly get     connection: 'keep-alive',
78 silly get     'x-served-by': 'cache-lhr6325-LHR',
78 silly get     'x-cache': 'MISS',
78 silly get     'x-cache-hits': '0',
78 silly get     'x-timer': 'S1491937291.799946,VS0,VE623',
78 silly get     vary: 'Accept-Encoding' } ]
79 verbose stack Error: Registry returned 404 for GET on https://registry.npmjs.org/server.watch
79 verbose stack     at makeError (/home/ubuntu/.nvm/versions/node/v4.7.3/lib/node_modules/npm/node_modules/npm-registry-client/lib/request.js:302:12)
79 verbose stack     at CachingRegistryClient.<anonymous> (/home/ubuntu/.nvm/versions/node/v4.7.3/lib/node_modules/npm/node_modules/npm-registry-client/lib/request.js:280:14)
79 verbose stack     at Request._callback (/home/ubuntu/.nvm/versions/node/v4.7.3/lib/node_modules/npm/node_modules/npm-registry-client/lib/request.js:210:14)
79 verbose stack     at Request.self.callback (/home/ubuntu/.nvm/versions/node/v4.7.3/lib/node_modules/npm/node_modules/request/request.js:187:22)
79 verbose stack     at emitTwo (events.js:87:13)
79 verbose stack     at Request.emit (events.js:172:7)
79 verbose stack     at Request.<anonymous> (/home/ubuntu/.nvm/versions/node/v4.7.3/lib/node_modules/npm/node_modules/request/request.js:1044:10)
79 verbose stack     at emitOne (events.js:77:13)
79 verbose stack     at Request.emit (events.js:169:7)
79 verbose stack     at IncomingMessage.<anonymous> (/home/ubuntu/.nvm/versions/node/v4.7.3/lib/node_modules/npm/node_modules/request/request.js:965:12)
80 verbose statusCode 404
81 verbose pkgid server.watch
82 verbose cwd /home/ubuntu/workspace/challenge
83 error Linux 4.9.17-c9
84 error argv "/home/ubuntu/.nvm/versions/node/v4.7.3/bin/node" "/home/ubuntu/.nvm/versions/node/v4.7.3/bin/npm" "install" "server.watch"
85 error node v4.7.3
86 error npm  v2.15.11
87 error code E404
88 error 404 Registry returned 404 for GET on https://registry.npmjs.org/server.watch
88 error 404
88 error 404 'server.watch' is not in the npm registry.
88 error 404 You should bug the author to publish it (or use the name yourself!)
88 error 404 It was specified as a dependency of 'challenge'
88 error 404
88 error 404 Note that you can also install from a
88 error 404 tarball, folder, http url, or git url.
89 verbose exit [ 1, true ]
